<?xml version="1.0" encoding="UTF-8"?>
<!-- Generated by org.testng.reporters.JUnitReportReporter -->
<testsuite skipped="0" hostname="DESKTOP-72SVT71" name="testCase.TeacherScoreEntryTest" tests="8" failures="0" timestamp="08 五月 2020 04:37:36 GMT" time="93.286" errors="0">
  <testcase name="testMycourse" time="10.544" classname="testCase.TeacherScoreEntryTest"/>
  <testcase name="testOverview" time="10.179" classname="testCase.TeacherScoreEntryTest"/>
  <testcase name="testScore" time="16.636" classname="testCase.TeacherScoreEntryTest"/>
  <testcase name="testNextPage" time="9.624" classname="testCase.TeacherScoreEntryTest"/>
  <testcase name="testProportion" time="9.502" classname="testCase.TeacherScoreEntryTest"/>
  <testcase name="testCourseProportion" time="11.190" classname="testCase.TeacherScoreEntryTest"/>
  <testcase name="testGoPage" time="12.949" classname="testCase.TeacherScoreEntryTest"/>
  <testcase name="testScorePage" time="12.662" classname="testCase.TeacherScoreEntryTest"/>
</testsuite> <!-- testCase.TeacherScoreEntryTest -->
