<?xml version="1.0" encoding="UTF-8"?>
<!-- Generated by org.testng.reporters.JUnitReportReporter -->
<testsuite skipped="0" hostname="DESKTOP-72SVT71" name="testCase.StudentQueryScheduleTest" tests="3" failures="0" timestamp="08 五月 2020 03:47:08 GMT" time="23.901" errors="0">
  <testcase name="testQueryScheduleAll" time="7.518" classname="testCase.StudentQueryScheduleTest"/>
  <testcase name="testPDF" time="9.924" classname="testCase.StudentQueryScheduleTest"/>
  <testcase name="testQuerySchedule" time="6.459" classname="testCase.StudentQueryScheduleTest"/>
</testsuite> <!-- testCase.StudentQueryScheduleTest -->
