<?xml version="1.0" encoding="UTF-8"?>
<!-- Generated by org.testng.reporters.JUnitReportReporter -->
<testsuite skipped="0" hostname="DESKTOP-72SVT71" name="testCase.TeacherInforInquiryTest" tests="7" failures="0" timestamp="08 五月 2020 04:37:36 GMT" time="59.374" errors="0">
  <testcase name="testViewStudent" time="12.060" classname="testCase.TeacherInforInquiryTest"/>
  <testcase name="testInforInquiry" time="9.534" classname="testCase.TeacherInforInquiryTest"/>
  <testcase name="testListOfStudent" time="10.622" classname="testCase.TeacherInforInquiryTest"/>
  <testcase name="testMycourse" time="10.244" classname="testCase.TeacherInforInquiryTest"/>
  <testcase name="testCheckMyTeachingClass" time="6.533" classname="testCase.TeacherInforInquiryTest"/>
  <testcase name="test" time="3.766" classname="testCase.TeacherInforInquiryTest"/>
  <testcase name="testMyTeachingClassNext" time="6.615" classname="testCase.TeacherInforInquiryTest"/>
</testsuite> <!-- testCase.TeacherInforInquiryTest -->
