<?xml version="1.0" encoding="UTF-8"?>
<!-- Generated by org.testng.reporters.JUnitReportReporter -->
<testsuite skipped="0" hostname="DESKTOP-72SVT71" name="testCase.GraudatePracticeSquareTest" tests="5" failures="0" timestamp="08 五月 2020 04:46:55 GMT" time="19.665" errors="0">
  <testcase name="testPracticeMessage" time="4.740" classname="testCase.GraudatePracticeSquareTest"/>
  <testcase name="testMessage" time="4.267" classname="testCase.GraudatePracticeSquareTest"/>
  <testcase name="testPage" time="3.611" classname="testCase.GraudatePracticeSquareTest"/>
  <testcase name="testOtherJob" time="3.663" classname="testCase.GraudatePracticeSquareTest"/>
  <testcase name="testPracticeSquare" time="3.384" classname="testCase.GraudatePracticeSquareTest"/>
</testsuite> <!-- testCase.GraudatePracticeSquareTest -->
