<?xml version="1.0" encoding="UTF-8"?>
<!-- Generated by org.testng.reporters.JUnitReportReporter -->
<testsuite skipped="0" hostname="DESKTOP-72SVT71" name="testCase.StudentEnquiryClassroomTest" tests="7" failures="0" timestamp="08 五月 2020 03:47:08 GMT" time="50.780" errors="0">
  <testcase name="testEnquiryClassroomWithoutWeek" time="6.920" classname="testCase.StudentEnquiryClassroomTest"/>
  <testcase name="testEnquiryClassroomAll" time="8.250" classname="testCase.StudentEnquiryClassroomTest"/>
  <testcase name="testEnquiryClassroomWithoutWeekday" time="7.829" classname="testCase.StudentEnquiryClassroomTest"/>
  <testcase name="testPDF" time="6.500" classname="testCase.StudentEnquiryClassroomTest"/>
  <testcase name="testEnquiryClassroomWithoutTime" time="7.070" classname="testCase.StudentEnquiryClassroomTest"/>
  <testcase name="testEnquiryClassroom" time="7.103" classname="testCase.StudentEnquiryClassroomTest"/>
  <testcase name="testEnquiryClassroomWithoutNothing" time="7.108" classname="testCase.StudentEnquiryClassroomTest"/>
</testsuite> <!-- testCase.StudentEnquiryClassroomTest -->
