<?xml version="1.0" encoding="UTF-8"?>
<!-- Generated by org.testng.reporters.JUnitReportReporter -->
<testsuite skipped="0" hostname="DESKTOP-72SVT71" name="testCase.StudentCheckResultsTest" tests="3" failures="0" timestamp="08 五月 2020 03:47:08 GMT" time="22.914" errors="0">
  <testcase name="testPDF" time="9.039" classname="testCase.StudentCheckResultsTest"/>
  <testcase name="testCheckResults" time="6.688" classname="testCase.StudentCheckResultsTest"/>
  <testcase name="testQueryScheduleAll" time="7.187" classname="testCase.StudentCheckResultsTest"/>
</testsuite> <!-- testCase.StudentCheckResultsTest -->
