<?xml version="1.0" encoding="UTF-8"?>
<!-- Generated by org.testng.reporters.JUnitReportReporter -->
<testsuite skipped="0" hostname="DESKTOP-72SVT71" name="testCase.ChangeClassTest" tests="8" failures="0" timestamp="08 五月 2020 04:37:36 GMT" time="66.278" errors="0">
  <testcase name="testNextPage" time="6.352" classname="testCase.ChangeClassTest"/>
  <testcase name="testTimeChange" time="9.093" classname="testCase.ChangeClassTest"/>
  <testcase name="testNoneChange" time="8.999" classname="testCase.ChangeClassTest"/>
  <testcase name="testAllChange" time="9.622" classname="testCase.ChangeClassTest"/>
  <testcase name="testSubmit" time="8.606" classname="testCase.ChangeClassTest"/>
  <testcase name="testWeek" time="8.692" classname="testCase.ChangeClassTest"/>
  <testcase name="testClass" time="6.924" classname="testCase.ChangeClassTest"/>
  <testcase name="testRoomChange" time="7.990" classname="testCase.ChangeClassTest"/>
</testsuite> <!-- testCase.ChangeClassTest -->
