<?xml version="1.0" encoding="UTF-8"?>
<!-- Generated by org.testng.reporters.JUnitReportReporter -->
<testsuite skipped="0" hostname="DESKTOP-72SVT71" name="testCase.TeacherAchievementInquiryTest" tests="5" failures="0" timestamp="08 五月 2020 04:37:36 GMT" time="37.555" errors="0">
  <testcase name="testCheckAchievement" time="6.281" classname="testCase.TeacherAchievementInquiryTest"/>
  <testcase name="testGoPage" time="10.048" classname="testCase.TeacherAchievementInquiryTest"/>
  <testcase name="testAchievementClick" time="7.252" classname="testCase.TeacherAchievementInquiryTest"/>
  <testcase name="testCertainAchievement" time="7.511" classname="testCase.TeacherAchievementInquiryTest"/>
  <testcase name="testNextPage" time="6.463" classname="testCase.TeacherAchievementInquiryTest"/>
</testsuite> <!-- testCase.TeacherAchievementInquiryTest -->
