<?xml version="1.0" encoding="UTF-8"?>
<!-- Generated by org.testng.reporters.JUnitReportReporter -->
<testsuite skipped="0" hostname="DESKTOP-72SVT71" name="testCase.StudentPersonalCenterTest" tests="17" failures="0" timestamp="08 五月 2020 03:47:08 GMT" time="123.296" errors="0">
  <testcase name="testPersonalCenter" time="7.054" classname="testCase.StudentPersonalCenterTest"/>
  <testcase name="testPhone" time="6.726" classname="testCase.StudentPersonalCenterTest"/>
  <testcase name="testPhoneOverEleven" time="6.716" classname="testCase.StudentPersonalCenterTest"/>
  <testcase name="testPhoneUnderEleven" time="8.605" classname="testCase.StudentPersonalCenterTest"/>
  <testcase name="testPhoneNothing" time="6.895" classname="testCase.StudentPersonalCenterTest"/>
  <testcase name="testPhoneWithSpecificSymbol" time="6.826" classname="testCase.StudentPersonalCenterTest"/>
  <testcase name="testPhoneWithLetter" time="7.178" classname="testCase.StudentPersonalCenterTest"/>
  <testcase name="testIntoChangePassword" time="6.614" classname="testCase.StudentPersonalCenterTest"/>
  <testcase name="testChangePassword" time="7.374" classname="testCase.StudentPersonalCenterTest"/>
  <testcase name="testChangePasswordOverEight" time="6.871" classname="testCase.StudentPersonalCenterTest"/>
  <testcase name="testChangePasswordunderEight" time="6.995" classname="testCase.StudentPersonalCenterTest"/>
  <testcase name="testChangePasswordNothing" time="8.003" classname="testCase.StudentPersonalCenterTest"/>
  <testcase name="testChangePasswordAllNum" time="7.492" classname="testCase.StudentPersonalCenterTest"/>
  <testcase name="testChangePasswordAllLetter" time="6.758" classname="testCase.StudentPersonalCenterTest"/>
  <testcase name="testChangePasswordSpecificSymbol" time="6.761" classname="testCase.StudentPersonalCenterTest"/>
  <testcase name="testChangeOldPasswordReeor" time="7.011" classname="testCase.StudentPersonalCenterTest"/>
  <testcase name="testExit" time="9.417" classname="testCase.StudentPersonalCenterTest"/>
</testsuite> <!-- testCase.StudentPersonalCenterTest -->
