<?xml version="1.0" encoding="UTF-8"?>
<!-- Generated by org.testng.reporters.JUnitReportReporter -->
<testsuite skipped="0" hostname="DESKTOP-72SVT71" name="testCase.StudengEnquiryClassroomTest" tests="7" failures="0" timestamp="07 五月 2020 15:28:30 GMT" time="54.091" errors="0">
  <testcase name="testEnquiryClassroomWithoutTime" time="7.206" classname="testCase.StudengEnquiryClassroomTest"/>
  <testcase name="testEnquiryClassroomWithoutWeek" time="7.484" classname="testCase.StudengEnquiryClassroomTest"/>
  <testcase name="testEnquiryClassroom" time="7.268" classname="testCase.StudengEnquiryClassroomTest"/>
  <testcase name="testEnquiryClassroomAll" time="9.980" classname="testCase.StudengEnquiryClassroomTest"/>
  <testcase name="testEnquiryClassroomWithoutNothing" time="6.968" classname="testCase.StudengEnquiryClassroomTest"/>
  <testcase name="testEnquiryClassroomWithoutWeekday" time="7.265" classname="testCase.StudengEnquiryClassroomTest"/>
  <testcase name="testPDF" time="7.920" classname="testCase.StudengEnquiryClassroomTest"/>
</testsuite> <!-- testCase.StudengEnquiryClassroomTest -->
