<?xml version="1.0" encoding="UTF-8"?>
<!-- Generated by org.testng.reporters.JUnitReportReporter -->
<testsuite skipped="0" hostname="DESKTOP-72SVT71" name="testCase.StudentCourseTest" tests="6" failures="0" timestamp="08 五月 2020 03:47:08 GMT" time="43.913" errors="0">
  <testcase name="testSubmitDirectly" time="6.790" classname="testCase.StudentCourseTest"/>
  <testcase name="testIntoChooseCourse" time="6.468" classname="testCase.StudentCourseTest"/>
  <testcase name="testEnableCourse" time="8.859" classname="testCase.StudentCourseTest"/>
  <testcase name="testSelectedCourse" time="6.641" classname="testCase.StudentCourseTest"/>
  <testcase name="testLogin" time="8.493" classname="testCase.StudentCourseTest"/>
  <testcase name="testNextPage" time="6.662" classname="testCase.StudentCourseTest"/>
</testsuite> <!-- testCase.StudentCourseTest -->
