<?xml version="1.0" encoding="UTF-8"?>
<!-- Generated by org.testng.reporters.JUnitReportReporter -->
<testsuite skipped="0" hostname="DESKTOP-72SVT71" name="testCase.GraduateUploadVideoTest" tests="8" failures="0" timestamp="08 五月 2020 04:46:55 GMT" time="35.389" errors="0">
  <testcase name="testUploadVideoWithoutDescription" time="4.350" classname="testCase.GraduateUploadVideoTest"/>
  <testcase name="testUploadVideo" time="3.609" classname="testCase.GraduateUploadVideoTest"/>
  <testcase name="testUploadVideoWithoutName" time="3.952" classname="testCase.GraduateUploadVideoTest"/>
  <testcase name="testUploadVideoWithoutCover" time="4.283" classname="testCase.GraduateUploadVideoTest"/>
  <testcase name="testUploadVideoWithoutIntroduction" time="3.957" classname="testCase.GraduateUploadVideoTest"/>
  <testcase name="testUploadVideoAll" time="5.896" classname="testCase.GraduateUploadVideoTest"/>
  <testcase name="testUploadVideoWithoutType" time="5.448" classname="testCase.GraduateUploadVideoTest"/>
  <testcase name="testUploadVideoWithoutVideo" time="3.894" classname="testCase.GraduateUploadVideoTest"/>
</testsuite> <!-- testCase.GraduateUploadVideoTest -->
