<?xml version="1.0" encoding="UTF-8"?>
<!-- Generated by org.testng.reporters.JUnitReportReporter -->
<testsuite skipped="0" hostname="DESKTOP-72SVT71" name="testCase.TeacherPersonalCenterTest" tests="3" failures="0" timestamp="08 五月 2020 04:37:36 GMT" time="21.799" errors="0">
  <testcase name="testChangePassword" time="6.695" classname="testCase.TeacherPersonalCenterTest"/>
  <testcase name="testIntoChangePassword" time="6.997" classname="testCase.TeacherPersonalCenterTest"/>
  <testcase name="testChangeMessage" time="8.107" classname="testCase.TeacherPersonalCenterTest"/>
</testsuite> <!-- testCase.TeacherPersonalCenterTest -->
