<?xml version="1.0" encoding="UTF-8"?>
<!-- Generated by org.testng.reporters.JUnitReportReporter -->
<testsuite skipped="0" hostname="DESKTOP-72SVT71" name="sendMail.SendRecentReportMail" tests="1" failures="0" timestamp="05 五月 2020 15:29:43 GMT" time="1.129" errors="0">
  <testcase name="SendReport" time="1.129" classname="sendMail.SendRecentReportMail"/>
</testsuite> <!-- sendMail.SendRecentReportMail -->
