<?xml version="1.0" encoding="UTF-8"?>
<!-- Generated by org.testng.reporters.JUnitReportReporter -->
<testsuite skipped="0" hostname="DESKTOP-72SVT71" name="testCase.StudentEvaluateTest" tests="8" failures="0" timestamp="08 五月 2020 03:47:08 GMT" time="58.393" errors="0">
  <testcase name="testEvaluateTeacherRestOne" time="7.316" classname="testCase.StudentEvaluateTest"/>
  <testcase name="testEvaluateTeacherAllZero" time="7.316" classname="testCase.StudentEvaluateTest"/>
  <testcase name="testEvaluate" time="6.325" classname="testCase.StudentEvaluateTest"/>
  <testcase name="testEvaluateTeacherAllTen" time="8.565" classname="testCase.StudentEvaluateTest"/>
  <testcase name="testEvaluateTeacherJustOne" time="7.274" classname="testCase.StudentEvaluateTest"/>
  <testcase name="testEvaluateTeacherWithLetter" time="6.934" classname="testCase.StudentEvaluateTest"/>
  <testcase name="testEvaluateTeacherWithSpecificSymbol" time="6.928" classname="testCase.StudentEvaluateTest"/>
  <testcase name="testEvaluateTeacher" time="7.735" classname="testCase.StudentEvaluateTest"/>
</testsuite> <!-- testCase.StudentEvaluateTest -->
