<?xml version="1.0" encoding="UTF-8"?>
<!-- Generated by org.testng.reporters.JUnitReportReporter -->
<testsuite skipped="0" hostname="DESKTOP-72SVT71" name="testCase.TestHelloWorld" tests="1" failures="0" timestamp="08 五月 2020 03:39:36 GMT" time="0.024" errors="0">
  <testcase name="Test" time="0.024" classname="testCase.TestHelloWorld"/>
</testsuite> <!-- testCase.TestHelloWorld -->
