<?xml version="1.0" encoding="UTF-8"?>
<!-- Generated by org.testng.reporters.JUnitReportReporter -->
<testsuite skipped="0" hostname="DESKTOP-72SVT71" name="testCase.GraduateSituationTest" tests="4" failures="0" timestamp="08 五月 2020 04:46:55 GMT" time="18.558" errors="0">
  <testcase name="testIntoGraduateExamSituation" time="3.404" classname="testCase.GraduateSituationTest"/>
  <testcase name="testGraduateExamSituation" time="4.015" classname="testCase.GraduateSituationTest"/>
  <testcase name="testGraduateEmploymentSituation" time="4.410" classname="testCase.GraduateSituationTest"/>
  <testcase name="testIntoGraduateEmploymentSituation" time="6.729" classname="testCase.GraduateSituationTest"/>
</testsuite> <!-- testCase.GraduateSituationTest -->
